<?xml version="1.0" encoding="UTF-8"?>
<testng-results ignored="0" total="1" passed="1" failed="0" skipped="0">
  <reporter-output>
  </reporter-output>
  <suite started-at="2024-08-01T00:42:28 IST" name="Default suite" finished-at="2024-08-01T00:43:02 IST" duration-ms="33845">
    <groups>
      <group name="cucumber">
        <method signature="AbstractTestNGCucumberTests.runScenario(io.cucumber.testng.PickleWrapper,io.cucumber.testng.FeatureWrapper)[pri:0, instance:NaveenBDDRunner.CRMLogin@60bd273d]" name="runScenario" class="io.cucumber.testng.AbstractTestNGCucumberTests"/>
      </group> <!-- cucumber -->
    </groups>
    <test started-at="2024-08-01T00:42:28 IST" name="Default test" finished-at="2024-08-01T00:43:02 IST" duration-ms="33845">
      <class name="NaveenBDDRunner.CRMLogin">
        <test-method is-config="true" signature="setUpClass(org.testng.ITestContext)[pri:0, instance:NaveenBDDRunner.CRMLogin@60bd273d]" started-at="2024-08-01T00:42:28 IST" name="setUpClass" finished-at="2024-08-01T00:42:30 IST" duration-ms="1518" status="PASS">
          <params>
            <param index="0">
              <value>
                <![CDATA[org.testng.TestRunner@7487b142]]>
              </value>
            </param>
          </params>
          <reporter-output>
          </reporter-output>
        </test-method> <!-- setUpClass -->
        <test-method signature="runScenario(io.cucumber.testng.PickleWrapper,io.cucumber.testng.FeatureWrapper)[pri:0, instance:NaveenBDDRunner.CRMLogin@60bd273d]" started-at="2024-08-01T00:42:30 IST" name="runScenario" description="Runs Cucumber Scenarios" data-provider="scenarios" finished-at="2024-08-01T00:43:02 IST" duration-ms="32128" status="PASS">
          <params>
            <param index="0">
              <value>
                <![CDATA["CRM Application login"]]>
              </value>
            </param>
            <param index="1">
              <value>
                <![CDATA["CRM Free Login Application"]]>
              </value>
            </param>
          </params>
          <reporter-output>
          </reporter-output>
        </test-method> <!-- runScenario -->
        <test-method is-config="true" signature="tearDownClass()[pri:0, instance:NaveenBDDRunner.CRMLogin@60bd273d]" started-at="2024-08-01T00:43:02 IST" name="tearDownClass" finished-at="2024-08-01T00:43:02 IST" duration-ms="85" status="PASS">
          <reporter-output>
          </reporter-output>
        </test-method> <!-- tearDownClass -->
      </class> <!-- NaveenBDDRunner.CRMLogin -->
    </test> <!-- Default test -->
  </suite> <!-- Default suite -->
</testng-results>
